ARM GAS  /tmp/cckOetxb.s 			page 1


   1              		.cpu cortex-m4
   2              		.eabi_attribute 27, 1
   3              		.eabi_attribute 28, 1
   4              		.eabi_attribute 20, 1
   5              		.eabi_attribute 21, 1
   6              		.eabi_attribute 23, 3
   7              		.eabi_attribute 24, 1
   8              		.eabi_attribute 25, 1
   9              		.eabi_attribute 26, 1
  10              		.eabi_attribute 30, 1
  11              		.eabi_attribute 34, 1
  12              		.eabi_attribute 18, 4
  13              		.file	"led.c"
  14              		.text
  15              	.Ltext0:
  16              		.cfi_sections	.debug_frame
  17              		.section	.text.led_set_blinkspeed,"ax",%progbits
  18              		.align	1
  19              		.global	led_set_blinkspeed
  20              		.arch armv7e-m
  21              		.syntax unified
  22              		.thumb
  23              		.thumb_func
  24              		.fpu fpv4-sp-d16
  26              	led_set_blinkspeed:
  27              	.LVL0:
  28              	.LFB130:
  29              		.file 1 "Core/Src/led.c"
   1:Core/Src/led.c **** #include "led.h"
   2:Core/Src/led.c **** #include "main.h"
   3:Core/Src/led.c **** 
   4:Core/Src/led.c **** static uint32_t ui32LedEnabled = 0;
   5:Core/Src/led.c **** static uint32_t ui32BlinkLength = 0;
   6:Core/Src/led.c **** static uint32_t ui32BlinkTick = 0;
   7:Core/Src/led.c **** static uint32_t userBlinkspeed = 0;
   8:Core/Src/led.c **** 
   9:Core/Src/led.c **** int32_t led_set_blinkspeed(uint32_t blinkspeed)
  10:Core/Src/led.c **** {
  30              		.loc 1 10 1 view -0
  31              		.cfi_startproc
  32              		@ args = 0, pretend = 0, frame = 0
  33              		@ frame_needed = 0, uses_anonymous_args = 0
  34              		@ link register save eliminated.
  11:Core/Src/led.c ****     userBlinkspeed = blinkspeed;
  35              		.loc 1 11 5 view .LVU1
  36              		.loc 1 11 20 is_stmt 0 view .LVU2
  37 0000 044B     		ldr	r3, .L2
  38 0002 1860     		str	r0, [r3]
  12:Core/Src/led.c ****     ui32BlinkLength = (SYSTICK_FREQ)/(2*blinkspeed);
  39              		.loc 1 12 5 is_stmt 1 view .LVU3
  40              		.loc 1 12 40 is_stmt 0 view .LVU4
  41 0004 4000     		lsls	r0, r0, #1
  42              	.LVL1:
  43              		.loc 1 12 37 view .LVU5
  44 0006 4FF47A73 		mov	r3, #1000
  45              		.loc 1 12 37 view .LVU6
  46 000a B3FBF0F0 		udiv	r0, r3, r0
ARM GAS  /tmp/cckOetxb.s 			page 2


  47              		.loc 1 12 21 view .LVU7
  48 000e 024B     		ldr	r3, .L2+4
  49 0010 1860     		str	r0, [r3]
  13:Core/Src/led.c **** }
  50              		.loc 1 13 1 view .LVU8
  51 0012 7047     		bx	lr
  52              	.L3:
  53              		.align	2
  54              	.L2:
  55 0014 00000000 		.word	.LANCHOR0
  56 0018 00000000 		.word	.LANCHOR1
  57              		.cfi_endproc
  58              	.LFE130:
  60              		.section	.text.led_enable,"ax",%progbits
  61              		.align	1
  62              		.global	led_enable
  63              		.syntax unified
  64              		.thumb
  65              		.thumb_func
  66              		.fpu fpv4-sp-d16
  68              	led_enable:
  69              	.LFB131:
  14:Core/Src/led.c **** 
  15:Core/Src/led.c **** int32_t led_enable(void)
  16:Core/Src/led.c **** {
  70              		.loc 1 16 1 is_stmt 1 view -0
  71              		.cfi_startproc
  72              		@ args = 0, pretend = 0, frame = 0
  73              		@ frame_needed = 0, uses_anonymous_args = 0
  74 0000 08B5     		push	{r3, lr}
  75              	.LCFI0:
  76              		.cfi_def_cfa_offset 8
  77              		.cfi_offset 3, -8
  78              		.cfi_offset 14, -4
  17:Core/Src/led.c ****     ui32LedEnabled = ENABLE;
  79              		.loc 1 17 5 view .LVU10
  80              		.loc 1 17 20 is_stmt 0 view .LVU11
  81 0002 0122     		movs	r2, #1
  82 0004 054B     		ldr	r3, .L6
  83 0006 1A60     		str	r2, [r3]
  18:Core/Src/led.c ****     HAL_GPIO_WritePin(LED_PORT,LED_PIN,GPIO_PIN_SET);
  84              		.loc 1 18 5 is_stmt 1 view .LVU12
  85 0008 2021     		movs	r1, #32
  86 000a 0548     		ldr	r0, .L6+4
  87 000c FFF7FEFF 		bl	HAL_GPIO_WritePin
  88              	.LVL2:
  19:Core/Src/led.c ****     ui32BlinkTick = HAL_GetTick();
  89              		.loc 1 19 5 view .LVU13
  90              		.loc 1 19 21 is_stmt 0 view .LVU14
  91 0010 FFF7FEFF 		bl	HAL_GetTick
  92              	.LVL3:
  93              		.loc 1 19 19 view .LVU15
  94 0014 034B     		ldr	r3, .L6+8
  95 0016 1860     		str	r0, [r3]
  20:Core/Src/led.c **** }
  96              		.loc 1 20 1 view .LVU16
  97 0018 08BD     		pop	{r3, pc}
ARM GAS  /tmp/cckOetxb.s 			page 3


  98              	.L7:
  99 001a 00BF     		.align	2
 100              	.L6:
 101 001c 00000000 		.word	.LANCHOR2
 102 0020 00000240 		.word	1073872896
 103 0024 00000000 		.word	.LANCHOR3
 104              		.cfi_endproc
 105              	.LFE131:
 107              		.section	.text.led_disable,"ax",%progbits
 108              		.align	1
 109              		.global	led_disable
 110              		.syntax unified
 111              		.thumb
 112              		.thumb_func
 113              		.fpu fpv4-sp-d16
 115              	led_disable:
 116              	.LFB132:
  21:Core/Src/led.c **** 
  22:Core/Src/led.c **** int32_t led_disable(void)
  23:Core/Src/led.c **** {
 117              		.loc 1 23 1 is_stmt 1 view -0
 118              		.cfi_startproc
 119              		@ args = 0, pretend = 0, frame = 0
 120              		@ frame_needed = 0, uses_anonymous_args = 0
 121 0000 08B5     		push	{r3, lr}
 122              	.LCFI1:
 123              		.cfi_def_cfa_offset 8
 124              		.cfi_offset 3, -8
 125              		.cfi_offset 14, -4
  24:Core/Src/led.c ****     ui32LedEnabled = DISABLE;
 126              		.loc 1 24 5 view .LVU18
 127              		.loc 1 24 20 is_stmt 0 view .LVU19
 128 0002 0022     		movs	r2, #0
 129 0004 034B     		ldr	r3, .L10
 130 0006 1A60     		str	r2, [r3]
  25:Core/Src/led.c ****     HAL_GPIO_WritePin(LED_PORT,LED_PIN,GPIO_PIN_RESET);
 131              		.loc 1 25 5 is_stmt 1 view .LVU20
 132 0008 2021     		movs	r1, #32
 133 000a 0348     		ldr	r0, .L10+4
 134 000c FFF7FEFF 		bl	HAL_GPIO_WritePin
 135              	.LVL4:
  26:Core/Src/led.c **** }
 136              		.loc 1 26 1 is_stmt 0 view .LVU21
 137 0010 08BD     		pop	{r3, pc}
 138              	.L11:
 139 0012 00BF     		.align	2
 140              	.L10:
 141 0014 00000000 		.word	.LANCHOR2
 142 0018 00000240 		.word	1073872896
 143              		.cfi_endproc
 144              	.LFE132:
 146              		.section	.text.led_update,"ax",%progbits
 147              		.align	1
 148              		.global	led_update
 149              		.syntax unified
 150              		.thumb
 151              		.thumb_func
ARM GAS  /tmp/cckOetxb.s 			page 4


 152              		.fpu fpv4-sp-d16
 154              	led_update:
 155              	.LFB133:
  27:Core/Src/led.c **** 
  28:Core/Src/led.c **** int32_t led_update(void)
  29:Core/Src/led.c **** {
 156              		.loc 1 29 1 is_stmt 1 view -0
 157              		.cfi_startproc
 158              		@ args = 0, pretend = 0, frame = 0
 159              		@ frame_needed = 0, uses_anonymous_args = 0
 160 0000 08B5     		push	{r3, lr}
 161              	.LCFI2:
 162              		.cfi_def_cfa_offset 8
 163              		.cfi_offset 3, -8
 164              		.cfi_offset 14, -4
  30:Core/Src/led.c ****     
  31:Core/Src/led.c ****     if(!ui32LedEnabled || !ui32BlinkLength)
 165              		.loc 1 31 5 view .LVU23
 166              		.loc 1 31 8 is_stmt 0 view .LVU24
 167 0002 124B     		ldr	r3, .L18
 168 0004 1B68     		ldr	r3, [r3]
 169              		.loc 1 31 7 view .LVU25
 170 0006 13B1     		cbz	r3, .L13
 171              		.loc 1 31 27 discriminator 1 view .LVU26
 172 0008 114B     		ldr	r3, .L18+4
 173 000a 1B68     		ldr	r3, [r3]
 174              		.loc 1 31 24 discriminator 1 view .LVU27
 175 000c 0BB9     		cbnz	r3, .L16
 176              	.L13:
  32:Core/Src/led.c ****     {
  33:Core/Src/led.c ****         return SUCCESS;
  34:Core/Src/led.c ****     }
  35:Core/Src/led.c ****     
  36:Core/Src/led.c ****     if(HAL_GetTick() < (ui32BlinkTick))
  37:Core/Src/led.c ****     {
  38:Core/Src/led.c ****         ui32BlinkTick = HAL_GetTick();
  39:Core/Src/led.c ****     }
  40:Core/Src/led.c **** 
  41:Core/Src/led.c ****     if(HAL_GetTick() > (ui32BlinkTick+ui32BlinkLength))
  42:Core/Src/led.c ****     {
  43:Core/Src/led.c ****         HAL_GPIO_TogglePin(LED_PORT,LED_PIN);
  44:Core/Src/led.c ****         ui32BlinkTick = HAL_GetTick();
  45:Core/Src/led.c ****     }
  46:Core/Src/led.c **** 
  47:Core/Src/led.c ****     return SUCCESS;
  48:Core/Src/led.c **** }
 177              		.loc 1 48 1 view .LVU28
 178 000e 0020     		movs	r0, #0
 179 0010 08BD     		pop	{r3, pc}
 180              	.L16:
  36:Core/Src/led.c ****     {
 181              		.loc 1 36 5 is_stmt 1 view .LVU29
  36:Core/Src/led.c ****     {
 182              		.loc 1 36 8 is_stmt 0 view .LVU30
 183 0012 FFF7FEFF 		bl	HAL_GetTick
 184              	.LVL5:
  36:Core/Src/led.c ****     {
ARM GAS  /tmp/cckOetxb.s 			page 5


 185              		.loc 1 36 22 view .LVU31
 186 0016 0F4B     		ldr	r3, .L18+8
 187 0018 1B68     		ldr	r3, [r3]
  36:Core/Src/led.c ****     {
 188              		.loc 1 36 7 view .LVU32
 189 001a 9842     		cmp	r0, r3
 190 001c 11D3     		bcc	.L17
 191              	.L14:
  41:Core/Src/led.c ****     {
 192              		.loc 1 41 5 is_stmt 1 view .LVU33
  41:Core/Src/led.c ****     {
 193              		.loc 1 41 8 is_stmt 0 view .LVU34
 194 001e FFF7FEFF 		bl	HAL_GetTick
 195              	.LVL6:
  41:Core/Src/led.c ****     {
 196              		.loc 1 41 38 view .LVU35
 197 0022 0C4B     		ldr	r3, .L18+8
 198 0024 1B68     		ldr	r3, [r3]
 199 0026 0A4A     		ldr	r2, .L18+4
 200 0028 1268     		ldr	r2, [r2]
 201 002a 1344     		add	r3, r3, r2
  41:Core/Src/led.c ****     {
 202              		.loc 1 41 7 view .LVU36
 203 002c 9842     		cmp	r0, r3
 204 002e EED9     		bls	.L13
  43:Core/Src/led.c ****         ui32BlinkTick = HAL_GetTick();
 205              		.loc 1 43 9 is_stmt 1 view .LVU37
 206 0030 2021     		movs	r1, #32
 207 0032 0948     		ldr	r0, .L18+12
 208 0034 FFF7FEFF 		bl	HAL_GPIO_TogglePin
 209              	.LVL7:
  44:Core/Src/led.c ****     }
 210              		.loc 1 44 9 view .LVU38
  44:Core/Src/led.c ****     }
 211              		.loc 1 44 25 is_stmt 0 view .LVU39
 212 0038 FFF7FEFF 		bl	HAL_GetTick
 213              	.LVL8:
  44:Core/Src/led.c ****     }
 214              		.loc 1 44 23 view .LVU40
 215 003c 054B     		ldr	r3, .L18+8
 216 003e 1860     		str	r0, [r3]
 217 0040 E5E7     		b	.L13
 218              	.L17:
  38:Core/Src/led.c ****     }
 219              		.loc 1 38 9 is_stmt 1 view .LVU41
  38:Core/Src/led.c ****     }
 220              		.loc 1 38 25 is_stmt 0 view .LVU42
 221 0042 FFF7FEFF 		bl	HAL_GetTick
 222              	.LVL9:
  38:Core/Src/led.c ****     }
 223              		.loc 1 38 23 view .LVU43
 224 0046 034B     		ldr	r3, .L18+8
 225 0048 1860     		str	r0, [r3]
 226 004a E8E7     		b	.L14
 227              	.L19:
 228              		.align	2
 229              	.L18:
ARM GAS  /tmp/cckOetxb.s 			page 6


 230 004c 00000000 		.word	.LANCHOR2
 231 0050 00000000 		.word	.LANCHOR1
 232 0054 00000000 		.word	.LANCHOR3
 233 0058 00000240 		.word	1073872896
 234              		.cfi_endproc
 235              	.LFE133:
 237              		.section	.text.led_read_blinkspeed,"ax",%progbits
 238              		.align	1
 239              		.global	led_read_blinkspeed
 240              		.syntax unified
 241              		.thumb
 242              		.thumb_func
 243              		.fpu fpv4-sp-d16
 245              	led_read_blinkspeed:
 246              	.LFB134:
  49:Core/Src/led.c **** 
  50:Core/Src/led.c **** uint32_t led_read_blinkspeed(void)
  51:Core/Src/led.c **** {
 247              		.loc 1 51 1 is_stmt 1 view -0
 248              		.cfi_startproc
 249              		@ args = 0, pretend = 0, frame = 0
 250              		@ frame_needed = 0, uses_anonymous_args = 0
 251              		@ link register save eliminated.
  52:Core/Src/led.c ****     return (SYSTICK_FREQ)/(2*ui32BlinkLength);
 252              		.loc 1 52 5 view .LVU45
 253              		.loc 1 52 29 is_stmt 0 view .LVU46
 254 0000 034B     		ldr	r3, .L21
 255 0002 1B68     		ldr	r3, [r3]
 256 0004 5B00     		lsls	r3, r3, #1
  53:Core/Src/led.c **** }...
 257              		.loc 1 53 1 view .LVU47
 258 0006 4FF47A70 		mov	r0, #1000
 259 000a B0FBF3F0 		udiv	r0, r0, r3
 260 000e 7047     		bx	lr
 261              	.L22:
 262              		.align	2
 263              	.L21:
 264 0010 00000000 		.word	.LANCHOR1
 265              		.cfi_endproc
 266              	.LFE134:
 268              		.section	.bss.ui32BlinkLength,"aw",%nobits
 269              		.align	2
 270              		.set	.LANCHOR1,. + 0
 273              	ui32BlinkLength:
 274 0000 00000000 		.space	4
 275              		.section	.bss.ui32BlinkTick,"aw",%nobits
 276              		.align	2
 277              		.set	.LANCHOR3,. + 0
 280              	ui32BlinkTick:
 281 0000 00000000 		.space	4
 282              		.section	.bss.ui32LedEnabled,"aw",%nobits
 283              		.align	2
 284              		.set	.LANCHOR2,. + 0
 287              	ui32LedEnabled:
 288 0000 00000000 		.space	4
 289              		.section	.bss.userBlinkspeed,"aw",%nobits
 290              		.align	2
ARM GAS  /tmp/cckOetxb.s 			page 7


 291              		.set	.LANCHOR0,. + 0
 294              	userBlinkspeed:
 295 0000 00000000 		.space	4
 296              		.text
 297              	.Letext0:
 298              		.file 2 "/usr/lib/gcc/arm-none-eabi/10.3.1/include/stdint.h"
 299              		.file 3 "Drivers/CMSIS/Device/ST/STM32F4xx/Include/stm32f446xx.h"
 300              		.file 4 "Drivers/CMSIS/Device/ST/STM32F4xx/Include/stm32f4xx.h"
 301              		.file 5 "Drivers/STM32F4xx_HAL_Driver/Inc/stm32f4xx_hal_gpio.h"
 302              		.file 6 "Drivers/STM32F4xx_HAL_Driver/Inc/stm32f4xx_hal.h"
ARM GAS  /tmp/cckOetxb.s 			page 8


DEFINED SYMBOLS
                            *ABS*:0000000000000000 led.c
     /tmp/cckOetxb.s:18     .text.led_set_blinkspeed:0000000000000000 $t
     /tmp/cckOetxb.s:26     .text.led_set_blinkspeed:0000000000000000 led_set_blinkspeed
     /tmp/cckOetxb.s:55     .text.led_set_blinkspeed:0000000000000014 $d
     /tmp/cckOetxb.s:61     .text.led_enable:0000000000000000 $t
     /tmp/cckOetxb.s:68     .text.led_enable:0000000000000000 led_enable
     /tmp/cckOetxb.s:101    .text.led_enable:000000000000001c $d
     /tmp/cckOetxb.s:108    .text.led_disable:0000000000000000 $t
     /tmp/cckOetxb.s:115    .text.led_disable:0000000000000000 led_disable
     /tmp/cckOetxb.s:141    .text.led_disable:0000000000000014 $d
     /tmp/cckOetxb.s:147    .text.led_update:0000000000000000 $t
     /tmp/cckOetxb.s:154    .text.led_update:0000000000000000 led_update
     /tmp/cckOetxb.s:230    .text.led_update:000000000000004c $d
     /tmp/cckOetxb.s:238    .text.led_read_blinkspeed:0000000000000000 $t
     /tmp/cckOetxb.s:245    .text.led_read_blinkspeed:0000000000000000 led_read_blinkspeed
     /tmp/cckOetxb.s:264    .text.led_read_blinkspeed:0000000000000010 $d
     /tmp/cckOetxb.s:269    .bss.ui32BlinkLength:0000000000000000 $d
     /tmp/cckOetxb.s:273    .bss.ui32BlinkLength:0000000000000000 ui32BlinkLength
     /tmp/cckOetxb.s:276    .bss.ui32BlinkTick:0000000000000000 $d
     /tmp/cckOetxb.s:280    .bss.ui32BlinkTick:0000000000000000 ui32BlinkTick
     /tmp/cckOetxb.s:283    .bss.ui32LedEnabled:0000000000000000 $d
     /tmp/cckOetxb.s:287    .bss.ui32LedEnabled:0000000000000000 ui32LedEnabled
     /tmp/cckOetxb.s:290    .bss.userBlinkspeed:0000000000000000 $d
     /tmp/cckOetxb.s:294    .bss.userBlinkspeed:0000000000000000 userBlinkspeed

UNDEFINED SYMBOLS
HAL_GPIO_WritePin
HAL_GetTick
HAL_GPIO_TogglePin
